D:\PROGRAM FILES (X86)\PROJECT REALITY\PROJECT REALITY BF2\MODS\PR_REPO\ASSETS\BF2-CPYTHON\PCBUILD\OBJ\WIN32_RELEASE\PYTHONCORE\_BISECTMODULE.OBJ
D:\PROGRAM FILES (X86)\PROJECT REALITY\PROJECT REALITY BF2\MODS\PR_REPO\ASSETS\BF2-CPYTHON\PCBUILD\OBJ\WIN32_RELEASE\PYTHONCORE\_CODECSMODULE.OBJ
D:\PROGRAM FILES (X86)\PROJECT REALITY\PROJECT REALITY BF2\MODS\PR_REPO\ASSETS\BF2-CPYTHON\PCBUILD\OBJ\WIN32_RELEASE\PYTHONCORE\_COLLECTIONSMODULE.OBJ
D:\PROGRAM FILES (X86)\PROJECT REALITY\PROJECT REALITY BF2\MODS\PR_REPO\ASSETS\BF2-CPYTHON\PCBUILD\OBJ\WIN32_RELEASE\PYTHONCORE\_CSV.OBJ
D:\PROGRAM FILES (X86)\PROJECT REALITY\PROJECT REALITY BF2\MODS\PR_REPO\ASSETS\BF2-CPYTHON\PCBUILD\OBJ\WIN32_RELEASE\PYTHONCORE\_FUNCTOOLSMODULE.OBJ
D:\PROGRAM FILES (X86)\PROJECT REALITY\PROJECT REALITY BF2\MODS\PR_REPO\ASSETS\BF2-CPYTHON\PCBUILD\OBJ\WIN32_RELEASE\PYTHONCORE\_HEAPQMODULE.OBJ
D:\PROGRAM FILES (X86)\PROJECT REALITY\PROJECT REALITY BF2\MODS\PR_REPO\ASSETS\BF2-CPYTHON\PCBUILD\OBJ\WIN32_RELEASE\PYTHONCORE\_HOTSHOT.OBJ
D:\PROGRAM FILES (X86)\PROJECT REALITY\PROJECT REALITY BF2\MODS\PR_REPO\ASSETS\BF2-CPYTHON\PCBUILD\OBJ\WIN32_RELEASE\PYTHONCORE\_JSON.OBJ
D:\PROGRAM FILES (X86)\PROJECT REALITY\PROJECT REALITY BF2\MODS\PR_REPO\ASSETS\BF2-CPYTHON\PCBUILD\OBJ\WIN32_RELEASE\PYTHONCORE\_LOCALEMODULE.OBJ
D:\PROGRAM FILES (X86)\PROJECT REALITY\PROJECT REALITY BF2\MODS\PR_REPO\ASSETS\BF2-CPYTHON\PCBUILD\OBJ\WIN32_RELEASE\PYTHONCORE\_LSPROF.OBJ
D:\PROGRAM FILES (X86)\PROJECT REALITY\PROJECT REALITY BF2\MODS\PR_REPO\ASSETS\BF2-CPYTHON\PCBUILD\OBJ\WIN32_RELEASE\PYTHONCORE\_MATH.OBJ
D:\PROGRAM FILES (X86)\PROJECT REALITY\PROJECT REALITY BF2\MODS\PR_REPO\ASSETS\BF2-CPYTHON\PCBUILD\OBJ\WIN32_RELEASE\PYTHONCORE\_RANDOMMODULE.OBJ
D:\PROGRAM FILES (X86)\PROJECT REALITY\PROJECT REALITY BF2\MODS\PR_REPO\ASSETS\BF2-CPYTHON\PCBUILD\OBJ\WIN32_RELEASE\PYTHONCORE\_SRE.OBJ
D:\PROGRAM FILES (X86)\PROJECT REALITY\PROJECT REALITY BF2\MODS\PR_REPO\ASSETS\BF2-CPYTHON\PCBUILD\OBJ\WIN32_RELEASE\PYTHONCORE\_STRUCT.OBJ
D:\PROGRAM FILES (X86)\PROJECT REALITY\PROJECT REALITY BF2\MODS\PR_REPO\ASSETS\BF2-CPYTHON\PCBUILD\OBJ\WIN32_RELEASE\PYTHONCORE\_WEAKREF.OBJ
D:\PROGRAM FILES (X86)\PROJECT REALITY\PROJECT REALITY BF2\MODS\PR_REPO\ASSETS\BF2-CPYTHON\PCBUILD\OBJ\WIN32_RELEASE\PYTHONCORE\ARRAYMODULE.OBJ
D:\PROGRAM FILES (X86)\PROJECT REALITY\PROJECT REALITY BF2\MODS\PR_REPO\ASSETS\BF2-CPYTHON\PCBUILD\OBJ\WIN32_RELEASE\PYTHONCORE\AUDIOOP.OBJ
D:\PROGRAM FILES (X86)\PROJECT REALITY\PROJECT REALITY BF2\MODS\PR_REPO\ASSETS\BF2-CPYTHON\PCBUILD\OBJ\WIN32_RELEASE\PYTHONCORE\BINASCII.OBJ
D:\Program Files (x86)\Project Reality\Project Reality BF2\mods\pr_repo\assets\BF2-CPython\PCbuild\obj\win32_Release\pythoncore\cl.command.1.tlog
D:\Program Files (x86)\Project Reality\Project Reality BF2\mods\pr_repo\assets\BF2-CPython\PCbuild\obj\win32_Release\pythoncore\CL.read.1.tlog
D:\Program Files (x86)\Project Reality\Project Reality BF2\mods\pr_repo\assets\BF2-CPython\PCbuild\obj\win32_Release\pythoncore\CL.write.1.tlog
D:\PROGRAM FILES (X86)\PROJECT REALITY\PROJECT REALITY BF2\MODS\PR_REPO\ASSETS\BF2-CPYTHON\PCBUILD\OBJ\WIN32_RELEASE\PYTHONCORE\CMATHMODULE.OBJ
D:\PROGRAM FILES (X86)\PROJECT REALITY\PROJECT REALITY BF2\MODS\PR_REPO\ASSETS\BF2-CPYTHON\PCBUILD\OBJ\WIN32_RELEASE\PYTHONCORE\CPICKLE.OBJ
D:\Program Files (x86)\Project Reality\Project Reality BF2\mods\pr_repo\assets\BF2-CPython\PCbuild\obj\win32_Release\pythoncore\pythoncore.vcxprojResolveAssemblyReference.cache
D:\Program Files (x86)\Project Reality\Project Reality BF2\mods\pr_repo\assets\BF2-CPython\PCbuild\obj\win32_Release\pythoncore\pythoncore.write.1.tlog
D:\PROGRAM FILES (X86)\PROJECT REALITY\PROJECT REALITY BF2\MODS\PR_REPO\ASSETS\BF2-CPYTHON\PCBUILD\OBJ\WIN32_RELEASE\PYTHONCORE\VC90.PDB
